<?xml version="1.0" encoding="UTF-8"?>
<!-- Generated by org.testng.reporters.JUnitReportReporter -->
<testsuite hostname="mdebopri-mac" failures="0" tests="1" name="com.qa.testCases.SearchPageTest" time="80.678" errors="0" timestamp="2025-09-03T12:55:21 IST" skipped="0">
  <testcase classname="com.qa.testCases.SearchPageTest" name="searchForProduct" time="80.678"/>
</testsuite> <!-- com.qa.testCases.SearchPageTest -->
